<?xml version="1.0" encoding="UTF-8"?>
<!-- Generated by org.testng.reporters.JUnitReportReporter -->
<testsuite skipped="0" hostname="LNZCL0728" name="MyFirstMaven.project.NzdToInrConversionTest" tests="1" failures="0" timestamp="27 Apr 2019 01:54:08 GMT" time="25.717" errors="0">
  <testcase name="calculateNzdToInrConversion" time="25.717" classname="MyFirstMaven.project.NzdToInrConversionTest"/>
</testsuite> <!-- MyFirstMaven.project.NzdToInrConversionTest -->
